<?xml version="1.0" encoding="UTF-8"?>
<!-- Generated by org.testng.reporters.JUnitReportReporter -->
<testsuite hostname="akhatri" failures="0" tests="1" name="com.learnautomation.testcases.LoginTest" time="6.289" errors="0" timestamp="2023-09-18T15:57:56 IST" skipped="0">
  <testcase classname="com.learnautomation.testcases.LoginTest" name="loginWithValidCredentials" time="6.289"/>
</testsuite> <!-- com.learnautomation.testcases.LoginTest -->
