<?xml version="1.0" encoding="UTF-8"?>
<!-- Generated by org.testng.reporters.JUnitReportReporter -->
<testsuite hostname="akhatri" failures="0" tests="1" name="com.learnautomation.testcases.LoginTest" time="5.578" errors="0" timestamp="2023-09-08T19:00:12 IST" skipped="0">
  <testcase classname="com.learnautomation.testcases.LoginTest" name="loginWithValidCredentials" time="5.578"/>
</testsuite> <!-- com.learnautomation.testcases.LoginTest -->
