<?xml version="1.0" encoding="UTF-8"?>
<!-- Generated by org.testng.reporters.JUnitReportReporter -->
<testsuite hostname="akhatri" failures="0" tests="3" name="com.learnautomation.testcases.SignUpTest" time="27.132" errors="0" timestamp="2023-09-18T15:57:56 IST" skipped="0">
  <testcase classname="com.learnautomation.testcases.SignUpTest" name="SingUpApps" time="8.543"/>
  <testcase classname="com.learnautomation.testcases.SignUpTest" name="SingUpApps" time="9.231"/>
  <testcase classname="com.learnautomation.testcases.SignUpTest" name="SingUpApps" time="9.358"/>
</testsuite> <!-- com.learnautomation.testcases.SignUpTest -->
