<?xml version="1.0" encoding="UTF-8"?>
<!-- Generated by org.testng.reporters.JUnitReportReporter -->
<testsuite hostname="akhatri" failures="0" tests="2" name="com.learnautomation.testcases.SignUpTest" time="17.046" errors="0" timestamp="2023-09-13T11:52:16 IST" skipped="0">
  <testcase classname="com.learnautomation.testcases.SignUpTest" name="SingUpApps" time="8.325"/>
  <testcase classname="com.learnautomation.testcases.SignUpTest" name="SingUpApps" time="8.721"/>
</testsuite> <!-- com.learnautomation.testcases.SignUpTest -->
